This is pdfTeX, Version 3.14159265-2.6-1.40.16 (TeX Live 2015) (preloaded format=pdflatex 2016.2.25)  9 AUG 2016 16:38
entering extended mode
 restricted \write18 enabled.
 %&-line parsing enabled.
**main
(./main.tex
LaTeX2e <2015/01/01>
Babel <3.9l> and hyphenation patterns for 79 languages loaded.
(./SmartReport.cls
Document Class: SmartReport 20012/01/30 1.0 SmartSociety FP7 Project Deliverabl
e document class
SmartSociety Report Class v.1.1
written by Daniele Miorandi
daniele.miorandi@u-hopper.com
--SmartReport builds on top of ``article.cls''--
use at your own risk
good luck!
(/usr/local/texlive/2015/texmf-dist/tex/latex/graphics/color.sty
Package: color 2014/10/28 v1.1a Standard LaTeX Color (DPC)

(/usr/local/texlive/2015/texmf-dist/tex/latex/latexconfig/color.cfg
File: color.cfg 2007/01/18 v1.5 color configuration of teTeX/TeXLive
)
Package color Info: Driver file: pdftex.def on input line 142.

(/usr/local/texlive/2015/texmf-dist/tex/latex/pdftex-def/pdftex.def
File: pdftex.def 2011/05/27 v0.06d Graphics/color for pdfTeX

(/usr/local/texlive/2015/texmf-dist/tex/generic/oberdiek/infwarerr.sty
Package: infwarerr 2010/04/08 v1.3 Providing info/warning/error messages (HO)
)
(/usr/local/texlive/2015/texmf-dist/tex/generic/oberdiek/ltxcmds.sty
Package: ltxcmds 2011/11/09 v1.22 LaTeX kernel commands for general use (HO)
)
\Gread@gobject=\count79
))
(/usr/local/texlive/2015/texmf-dist/tex/latex/graphics/graphicx.sty
Package: graphicx 2014/10/28 v1.0g Enhanced LaTeX Graphics (DPC,SPQR)

(/usr/local/texlive/2015/texmf-dist/tex/latex/graphics/keyval.sty
Package: keyval 2014/10/28 v1.15 key=value parser (DPC)
\KV@toks@=\toks14
)
(/usr/local/texlive/2015/texmf-dist/tex/latex/graphics/graphics.sty
Package: graphics 2014/10/28 v1.0p Standard LaTeX Graphics (DPC,SPQR)

(/usr/local/texlive/2015/texmf-dist/tex/latex/graphics/trig.sty
Package: trig 1999/03/16 v1.09 sin cos tan (DPC)
)
(/usr/local/texlive/2015/texmf-dist/tex/latex/latexconfig/graphics.cfg
File: graphics.cfg 2010/04/23 v1.9 graphics configuration of TeX Live
)
Package graphics Info: Driver file: pdftex.def on input line 94.
)
\Gin@req@height=\dimen102
\Gin@req@width=\dimen103
)
(/usr/local/texlive/2015/texmf-dist/tex/latex/base/ifthen.sty
Package: ifthen 2014/09/29 v1.1c Standard LaTeX ifthen package (DPC)
)
(/usr/local/texlive/2015/texmf-dist/tex/latex/colortbl/colortbl.sty
Package: colortbl 2012/02/13 v1.0a Color table columns (DPC)

(/usr/local/texlive/2015/texmf-dist/tex/latex/tools/array.sty
Package: array 2014/10/28 v2.4c Tabular extension package (FMi)
\col@sep=\dimen104
\extrarowheight=\dimen105
\NC@list=\toks15
\extratabsurround=\skip41
\backup@length=\skip42
)
\everycr=\toks16
\minrowclearance=\skip43
)
(/usr/local/texlive/2015/texmf-dist/tex/latex/lastpage/lastpage.sty
Package: lastpage 2015/03/29 v1.2m Refers to last page's name (HMM; JPG)
)
(/usr/local/texlive/2015/texmf-dist/tex/latex/xcolor/xcolor.sty
Package: xcolor 2007/01/21 v2.11 LaTeX color extensions (UK)

(/usr/local/texlive/2015/texmf-dist/tex/latex/latexconfig/color.cfg
File: color.cfg 2007/01/18 v1.5 color configuration of teTeX/TeXLive
)
Package xcolor Info: Driver file: pdftex.def on input line 225.
LaTeX Info: Redefining \color on input line 702.
\rownum=\count80
Package xcolor Info: Model `cmy' substituted by `cmy0' on input line 1337.
Package xcolor Info: Model `hsb' substituted by `rgb' on input line 1341.
Package xcolor Info: Model `RGB' extended on input line 1353.
Package xcolor Info: Model `HTML' substituted by `rgb' on input line 1355.
Package xcolor Info: Model `Hsb' substituted by `hsb' on input line 1356.
Package xcolor Info: Model `tHsb' substituted by `hsb' on input line 1357.
Package xcolor Info: Model `HSB' substituted by `hsb' on input line 1358.
Package xcolor Info: Model `Gray' substituted by `gray' on input line 1359.
Package xcolor Info: Model `wave' substituted by `hsb' on input line 1360.
)
(/usr/local/texlive/2015/texmf-dist/tex/latex/base/article.cls
Document Class: article 2014/09/29 v1.4h Standard LaTeX document class
(/usr/local/texlive/2015/texmf-dist/tex/latex/base/size11.clo
File: size11.clo 2014/09/29 v1.4h Standard LaTeX file (size option)
)
\c@part=\count81
\c@section=\count82
\c@subsection=\count83
\c@subsubsection=\count84
\c@paragraph=\count85
\c@subparagraph=\count86
\c@figure=\count87
\c@table=\count88
\abovecaptionskip=\skip44
\belowcaptionskip=\skip45
\bibindent=\dimen106
)
(/usr/local/texlive/2015/texmf-dist/tex/latex/titlesec/titlesec.sty
Package: titlesec 2011/12/15 v2.10.0 Sectioning titles
\ttl@box=\box26
\beforetitleunit=\skip46
\aftertitleunit=\skip47
\ttl@plus=\dimen107
\ttl@minus=\dimen108
\ttl@toksa=\toks17
\titlewidth=\dimen109
\titlewidthlast=\dimen110
\titlewidthfirst=\dimen111
))
(/usr/local/texlive/2015/texmf-dist/tex/latex/url/url.sty
\Urlmuskip=\muskip10
Package: url 2013/09/16  ver 3.4  Verb mode for urls, etc.
)
(/usr/local/texlive/2015/texmf-dist/tex/latex/rotating/rotating.sty
Package: rotating 2009/03/28 v2.16a rotated objects in LaTeX
\c@r@tfl@t=\count89
\rotFPtop=\skip48
\rotFPbot=\skip49
\rot@float@box=\box27
\rot@mess@toks=\toks18
)
(/usr/local/texlive/2015/texmf-dist/tex/latex/todonotes/todonotes.sty
Package: todonotes 2012/07/25 .dtx Todonotes source and documentation.
Package: todonotes 2012/07/25

(/usr/local/texlive/2015/texmf-dist/tex/latex/xkeyval/xkeyval.sty
Package: xkeyval 2014/12/03 v2.7a package option processing (HA)

(/usr/local/texlive/2015/texmf-dist/tex/generic/xkeyval/xkeyval.tex
(/usr/local/texlive/2015/texmf-dist/tex/generic/xkeyval/xkvutils.tex
\XKV@toks=\toks19
\XKV@tempa@toks=\toks20
)
\XKV@depth=\count90
File: xkeyval.tex 2014/12/03 v2.7a key=value parser (HA)
))
(/usr/local/texlive/2015/texmf-dist/tex/latex/pgf/frontendlayer/tikz.sty
(/usr/local/texlive/2015/texmf-dist/tex/latex/pgf/basiclayer/pgf.sty
(/usr/local/texlive/2015/texmf-dist/tex/latex/pgf/utilities/pgfrcs.sty
(/usr/local/texlive/2015/texmf-dist/tex/generic/pgf/utilities/pgfutil-common.te
x
\pgfutil@everybye=\toks21
\pgfutil@tempdima=\dimen112
\pgfutil@tempdimb=\dimen113

(/usr/local/texlive/2015/texmf-dist/tex/generic/pgf/utilities/pgfutil-common-li
sts.tex))
(/usr/local/texlive/2015/texmf-dist/tex/generic/pgf/utilities/pgfutil-latex.def
\pgfutil@abb=\box28
(/usr/local/texlive/2015/texmf-dist/tex/latex/ms/everyshi.sty
Package: everyshi 2001/05/15 v3.00 EveryShipout Package (MS)
))
(/usr/local/texlive/2015/texmf-dist/tex/generic/pgf/utilities/pgfrcs.code.tex
Package: pgfrcs 2013/12/20 v3.0.0 (rcs-revision 1.28)
))
Package: pgf 2013/12/18 v3.0.0 (rcs-revision 1.14)
(/usr/local/texlive/2015/texmf-dist/tex/latex/pgf/basiclayer/pgfcore.sty
(/usr/local/texlive/2015/texmf-dist/tex/latex/pgf/systemlayer/pgfsys.sty
(/usr/local/texlive/2015/texmf-dist/tex/generic/pgf/systemlayer/pgfsys.code.tex
Package: pgfsys 2013/11/30 v3.0.0 (rcs-revision 1.47)
(/usr/local/texlive/2015/texmf-dist/tex/generic/pgf/utilities/pgfkeys.code.tex
\pgfkeys@pathtoks=\toks22
\pgfkeys@temptoks=\toks23

(/usr/local/texlive/2015/texmf-dist/tex/generic/pgf/utilities/pgfkeysfiltered.c
ode.tex
\pgfkeys@tmptoks=\toks24
))
\pgf@x=\dimen114
\pgf@y=\dimen115
\pgf@xa=\dimen116
\pgf@ya=\dimen117
\pgf@xb=\dimen118
\pgf@yb=\dimen119
\pgf@xc=\dimen120
\pgf@yc=\dimen121
\w@pgf@writea=\write3
\r@pgf@reada=\read1
\c@pgf@counta=\count91
\c@pgf@countb=\count92
\c@pgf@countc=\count93
\c@pgf@countd=\count94
\t@pgf@toka=\toks25
\t@pgf@tokb=\toks26
\t@pgf@tokc=\toks27

(/usr/local/texlive/2015/texmf-dist/tex/generic/pgf/systemlayer/pgf.cfg
File: pgf.cfg 2008/05/14  (rcs-revision 1.7)
)
Driver file for pgf: pgfsys-pdftex.def

(/usr/local/texlive/2015/texmf-dist/tex/generic/pgf/systemlayer/pgfsys-pdftex.d
ef
File: pgfsys-pdftex.def 2013/07/18  (rcs-revision 1.33)

(/usr/local/texlive/2015/texmf-dist/tex/generic/pgf/systemlayer/pgfsys-common-p
df.def
File: pgfsys-common-pdf.def 2013/10/10  (rcs-revision 1.13)
)))
(/usr/local/texlive/2015/texmf-dist/tex/generic/pgf/systemlayer/pgfsyssoftpath.
code.tex
File: pgfsyssoftpath.code.tex 2013/09/09  (rcs-revision 1.9)
\pgfsyssoftpath@smallbuffer@items=\count95
\pgfsyssoftpath@bigbuffer@items=\count96
)
(/usr/local/texlive/2015/texmf-dist/tex/generic/pgf/systemlayer/pgfsysprotocol.
code.tex
File: pgfsysprotocol.code.tex 2006/10/16  (rcs-revision 1.4)
))
(/usr/local/texlive/2015/texmf-dist/tex/generic/pgf/basiclayer/pgfcore.code.tex
Package: pgfcore 2010/04/11 v3.0.0 (rcs-revision 1.7)
(/usr/local/texlive/2015/texmf-dist/tex/generic/pgf/math/pgfmath.code.tex
(/usr/local/texlive/2015/texmf-dist/tex/generic/pgf/math/pgfmathcalc.code.tex
(/usr/local/texlive/2015/texmf-dist/tex/generic/pgf/math/pgfmathutil.code.tex)
(/usr/local/texlive/2015/texmf-dist/tex/generic/pgf/math/pgfmathparser.code.tex
\pgfmath@dimen=\dimen122
\pgfmath@count=\count97
\pgfmath@box=\box29
\pgfmath@toks=\toks28
\pgfmath@stack@operand=\toks29
\pgfmath@stack@operation=\toks30
)
(/usr/local/texlive/2015/texmf-dist/tex/generic/pgf/math/pgfmathfunctions.code.
tex
(/usr/local/texlive/2015/texmf-dist/tex/generic/pgf/math/pgfmathfunctions.basic
.code.tex)
(/usr/local/texlive/2015/texmf-dist/tex/generic/pgf/math/pgfmathfunctions.trigo
nometric.code.tex)
(/usr/local/texlive/2015/texmf-dist/tex/generic/pgf/math/pgfmathfunctions.rando
m.code.tex)
(/usr/local/texlive/2015/texmf-dist/tex/generic/pgf/math/pgfmathfunctions.compa
rison.code.tex)
(/usr/local/texlive/2015/texmf-dist/tex/generic/pgf/math/pgfmathfunctions.base.
code.tex)
(/usr/local/texlive/2015/texmf-dist/tex/generic/pgf/math/pgfmathfunctions.round
.code.tex)
(/usr/local/texlive/2015/texmf-dist/tex/generic/pgf/math/pgfmathfunctions.misc.
code.tex)
(/usr/local/texlive/2015/texmf-dist/tex/generic/pgf/math/pgfmathfunctions.integ
erarithmetics.code.tex)))
(/usr/local/texlive/2015/texmf-dist/tex/generic/pgf/math/pgfmathfloat.code.tex
\c@pgfmathroundto@lastzeros=\count98
))
(/usr/local/texlive/2015/texmf-dist/tex/generic/pgf/basiclayer/pgfcorepoints.co
de.tex
File: pgfcorepoints.code.tex 2013/10/07  (rcs-revision 1.27)
\pgf@picminx=\dimen123
\pgf@picmaxx=\dimen124
\pgf@picminy=\dimen125
\pgf@picmaxy=\dimen126
\pgf@pathminx=\dimen127
\pgf@pathmaxx=\dimen128
\pgf@pathminy=\dimen129
\pgf@pathmaxy=\dimen130
\pgf@xx=\dimen131
\pgf@xy=\dimen132
\pgf@yx=\dimen133
\pgf@yy=\dimen134
\pgf@zx=\dimen135
\pgf@zy=\dimen136
)
(/usr/local/texlive/2015/texmf-dist/tex/generic/pgf/basiclayer/pgfcorepathconst
ruct.code.tex
File: pgfcorepathconstruct.code.tex 2013/10/07  (rcs-revision 1.29)
\pgf@path@lastx=\dimen137
\pgf@path@lasty=\dimen138
)
(/usr/local/texlive/2015/texmf-dist/tex/generic/pgf/basiclayer/pgfcorepathusage
.code.tex
File: pgfcorepathusage.code.tex 2013/12/13  (rcs-revision 1.23)
\pgf@shorten@end@additional=\dimen139
\pgf@shorten@start@additional=\dimen140
)
(/usr/local/texlive/2015/texmf-dist/tex/generic/pgf/basiclayer/pgfcorescopes.co
de.tex
File: pgfcorescopes.code.tex 2013/10/09  (rcs-revision 1.44)
\pgfpic=\box30
\pgf@hbox=\box31
\pgf@layerbox@main=\box32
\pgf@picture@serial@count=\count99
)
(/usr/local/texlive/2015/texmf-dist/tex/generic/pgf/basiclayer/pgfcoregraphicst
ate.code.tex
File: pgfcoregraphicstate.code.tex 2013/09/19  (rcs-revision 1.11)
\pgflinewidth=\dimen141
)
(/usr/local/texlive/2015/texmf-dist/tex/generic/pgf/basiclayer/pgfcoretransform
ations.code.tex
File: pgfcoretransformations.code.tex 2013/10/10  (rcs-revision 1.17)
\pgf@pt@x=\dimen142
\pgf@pt@y=\dimen143
\pgf@pt@temp=\dimen144
)
(/usr/local/texlive/2015/texmf-dist/tex/generic/pgf/basiclayer/pgfcorequick.cod
e.tex
File: pgfcorequick.code.tex 2008/10/09  (rcs-revision 1.3)
)
(/usr/local/texlive/2015/texmf-dist/tex/generic/pgf/basiclayer/pgfcoreobjects.c
ode.tex
File: pgfcoreobjects.code.tex 2006/10/11  (rcs-revision 1.2)
)
(/usr/local/texlive/2015/texmf-dist/tex/generic/pgf/basiclayer/pgfcorepathproce
ssing.code.tex
File: pgfcorepathprocessing.code.tex 2013/09/09  (rcs-revision 1.9)
)
(/usr/local/texlive/2015/texmf-dist/tex/generic/pgf/basiclayer/pgfcorearrows.co
de.tex
File: pgfcorearrows.code.tex 2013/11/07  (rcs-revision 1.40)
\pgfarrowsep=\dimen145
)
(/usr/local/texlive/2015/texmf-dist/tex/generic/pgf/basiclayer/pgfcoreshade.cod
e.tex
File: pgfcoreshade.code.tex 2013/07/15  (rcs-revision 1.15)
\pgf@max=\dimen146
\pgf@sys@shading@range@num=\count100
)
(/usr/local/texlive/2015/texmf-dist/tex/generic/pgf/basiclayer/pgfcoreimage.cod
e.tex
File: pgfcoreimage.code.tex 2013/07/15  (rcs-revision 1.18)

(/usr/local/texlive/2015/texmf-dist/tex/generic/pgf/basiclayer/pgfcoreexternal.
code.tex
File: pgfcoreexternal.code.tex 2013/07/15  (rcs-revision 1.20)
\pgfexternal@startupbox=\box33
))
(/usr/local/texlive/2015/texmf-dist/tex/generic/pgf/basiclayer/pgfcorelayers.co
de.tex
File: pgfcorelayers.code.tex 2013/07/18  (rcs-revision 1.7)
)
(/usr/local/texlive/2015/texmf-dist/tex/generic/pgf/basiclayer/pgfcoretranspare
ncy.code.tex
File: pgfcoretransparency.code.tex 2013/09/30  (rcs-revision 1.5)
)
(/usr/local/texlive/2015/texmf-dist/tex/generic/pgf/basiclayer/pgfcorepatterns.
code.tex
File: pgfcorepatterns.code.tex 2013/11/07  (rcs-revision 1.5)
)))
(/usr/local/texlive/2015/texmf-dist/tex/generic/pgf/modules/pgfmoduleshapes.cod
e.tex
File: pgfmoduleshapes.code.tex 2013/10/31  (rcs-revision 1.34)
\pgfnodeparttextbox=\box34
)
(/usr/local/texlive/2015/texmf-dist/tex/generic/pgf/modules/pgfmoduleplot.code.
tex
File: pgfmoduleplot.code.tex 2013/07/31  (rcs-revision 1.12)
)
(/usr/local/texlive/2015/texmf-dist/tex/latex/pgf/compatibility/pgfcomp-version
-0-65.sty
Package: pgfcomp-version-0-65 2007/07/03 v3.0.0 (rcs-revision 1.7)
\pgf@nodesepstart=\dimen147
\pgf@nodesepend=\dimen148
)
(/usr/local/texlive/2015/texmf-dist/tex/latex/pgf/compatibility/pgfcomp-version
-1-18.sty
Package: pgfcomp-version-1-18 2007/07/23 v3.0.0 (rcs-revision 1.1)
))
(/usr/local/texlive/2015/texmf-dist/tex/latex/pgf/utilities/pgffor.sty
(/usr/local/texlive/2015/texmf-dist/tex/latex/pgf/utilities/pgfkeys.sty
(/usr/local/texlive/2015/texmf-dist/tex/generic/pgf/utilities/pgfkeys.code.tex)
) (/usr/local/texlive/2015/texmf-dist/tex/latex/pgf/math/pgfmath.sty
(/usr/local/texlive/2015/texmf-dist/tex/generic/pgf/math/pgfmath.code.tex))
(/usr/local/texlive/2015/texmf-dist/tex/generic/pgf/utilities/pgffor.code.tex
Package: pgffor 2013/12/13 v3.0.0 (rcs-revision 1.25)

(/usr/local/texlive/2015/texmf-dist/tex/generic/pgf/math/pgfmath.code.tex)
\pgffor@iter=\dimen149
\pgffor@skip=\dimen150
\pgffor@stack=\toks31
\pgffor@toks=\toks32
))
(/usr/local/texlive/2015/texmf-dist/tex/generic/pgf/frontendlayer/tikz/tikz.cod
e.tex
Package: tikz 2013/12/13 v3.0.0 (rcs-revision 1.142)

(/usr/local/texlive/2015/texmf-dist/tex/generic/pgf/libraries/pgflibraryplothan
dlers.code.tex
File: pgflibraryplothandlers.code.tex 2013/08/31 v3.0.0 (rcs-revision 1.20)
\pgf@plot@mark@count=\count101
\pgfplotmarksize=\dimen151
)
\tikz@lastx=\dimen152
\tikz@lasty=\dimen153
\tikz@lastxsaved=\dimen154
\tikz@lastysaved=\dimen155
\tikzleveldistance=\dimen156
\tikzsiblingdistance=\dimen157
\tikz@figbox=\box35
\tikz@figbox@bg=\box36
\tikz@tempbox=\box37
\tikz@tempbox@bg=\box38
\tikztreelevel=\count102
\tikznumberofchildren=\count103
\tikznumberofcurrentchild=\count104
\tikz@fig@count=\count105

(/usr/local/texlive/2015/texmf-dist/tex/generic/pgf/modules/pgfmodulematrix.cod
e.tex
File: pgfmodulematrix.code.tex 2013/09/17  (rcs-revision 1.8)
\pgfmatrixcurrentrow=\count106
\pgfmatrixcurrentcolumn=\count107
\pgf@matrix@numberofcolumns=\count108
)
\tikz@expandcount=\count109

(/usr/local/texlive/2015/texmf-dist/tex/generic/pgf/frontendlayer/tikz/librarie
s/tikzlibrarytopaths.code.tex
File: tikzlibrarytopaths.code.tex 2008/06/17 v3.0.0 (rcs-revision 1.2)
)))
(/usr/local/texlive/2015/texmf-dist/tex/generic/pgf/frontendlayer/tikz/librarie
s/tikzlibrarypositioning.code.tex
File: tikzlibrarypositioning.code.tex 2008/10/06 v3.0.0 (rcs-revision 1.7)
)
(/usr/local/texlive/2015/texmf-dist/tex/latex/tools/calc.sty
Package: calc 2014/10/28 v4.3 Infix arithmetic (KKT,FJ)
\calc@Acount=\count110
\calc@Bcount=\count111
\calc@Adimen=\dimen158
\calc@Bdimen=\dimen159
\calc@Askip=\skip50
\calc@Bskip=\skip51
LaTeX Info: Redefining \setlength on input line 80.
LaTeX Info: Redefining \addtolength on input line 81.
\calc@Ccount=\count112
\calc@Cskip=\skip52
)
\c@@todonotes@numberoftodonotes=\count113
)
(/usr/local/texlive/2015/texmf-dist/tex/latex/subfig/subfig.sty
Package: subfig 2005/06/28 ver: 1.3 subfig package

(/usr/local/texlive/2015/texmf-dist/tex/latex/caption/caption.sty
Package: caption 2013/05/02 v3.3-89 Customizing captions (AR)

(/usr/local/texlive/2015/texmf-dist/tex/latex/caption/caption3.sty
Package: caption3 2013/05/02 v1.6-88 caption3 kernel (AR)
Package caption3 Info: TeX engine: e-TeX on input line 57.
\captionmargin=\dimen160
\captionmargin@=\dimen161
\captionwidth=\dimen162
\caption@tempdima=\dimen163
\caption@indent=\dimen164
\caption@parindent=\dimen165
\caption@hangindent=\dimen166
)
\c@ContinuedFloat=\count114
Package caption Info: rotating package is loaded.
)
\c@KVtest=\count115
\sf@farskip=\skip53
\sf@captopadj=\dimen167
\sf@capskip=\skip54
\sf@nearskip=\skip55
\c@subfigure=\count116
\c@subfigure@save=\count117
\c@lofdepth=\count118
\c@subtable=\count119
\c@subtable@save=\count120
\c@lotdepth=\count121
\sf@top=\skip56
\sf@bottom=\skip57
)
(./main.aux)
\openout1 = `main.aux'.

LaTeX Font Info:    Checking defaults for OML/cmm/m/it on input line 15.
LaTeX Font Info:    ... okay on input line 15.
LaTeX Font Info:    Checking defaults for T1/cmr/m/n on input line 15.
LaTeX Font Info:    ... okay on input line 15.
LaTeX Font Info:    Checking defaults for OT1/cmr/m/n on input line 15.
LaTeX Font Info:    ... okay on input line 15.
LaTeX Font Info:    Checking defaults for OMS/cmsy/m/n on input line 15.
LaTeX Font Info:    ... okay on input line 15.
LaTeX Font Info:    Checking defaults for OMX/cmex/m/n on input line 15.
LaTeX Font Info:    ... okay on input line 15.
LaTeX Font Info:    Checking defaults for U/cmr/m/n on input line 15.
LaTeX Font Info:    ... okay on input line 15.
 (/usr/local/texlive/2015/texmf-dist/tex/context/base/supp-pdf.mkii
[Loading MPS to PDF converter (version 2006.09.02).]
\scratchcounter=\count122
\scratchdimen=\dimen168
\scratchbox=\box39
\nofMPsegments=\count123
\nofMParguments=\count124
\everyMPshowfont=\toks33
\MPscratchCnt=\count125
\MPscratchDim=\dimen169
\MPnumerator=\count126
\makeMPintoPDFobject=\count127
\everyMPtoPDFconversion=\toks34
) (/usr/local/texlive/2015/texmf-dist/tex/generic/oberdiek/pdftexcmds.sty
Package: pdftexcmds 2011/11/29 v0.20 Utility functions of pdfTeX for LuaTeX (HO
)

(/usr/local/texlive/2015/texmf-dist/tex/generic/oberdiek/ifluatex.sty
Package: ifluatex 2010/03/01 v1.3 Provides the ifluatex switch (HO)
Package ifluatex Info: LuaTeX not detected.
)
(/usr/local/texlive/2015/texmf-dist/tex/generic/oberdiek/ifpdf.sty
Package: ifpdf 2011/01/30 v2.3 Provides the ifpdf switch (HO)
Package ifpdf Info: pdfTeX in PDF mode is detected.
)
Package pdftexcmds Info: LuaTeX not detected.
Package pdftexcmds Info: \pdf@primitive is available.
Package pdftexcmds Info: \pdf@ifprimitive is available.
Package pdftexcmds Info: \pdfdraftmode found.
)
(/usr/local/texlive/2015/texmf-dist/tex/latex/oberdiek/epstopdf-base.sty
Package: epstopdf-base 2010/02/09 v2.5 Base part for package epstopdf

(/usr/local/texlive/2015/texmf-dist/tex/latex/oberdiek/grfext.sty
Package: grfext 2010/08/19 v1.1 Manage graphics extensions (HO)

(/usr/local/texlive/2015/texmf-dist/tex/generic/oberdiek/kvdefinekeys.sty
Package: kvdefinekeys 2011/04/07 v1.3 Define keys (HO)
))
(/usr/local/texlive/2015/texmf-dist/tex/latex/oberdiek/kvoptions.sty
Package: kvoptions 2011/06/30 v3.11 Key value format for package options (HO)

(/usr/local/texlive/2015/texmf-dist/tex/generic/oberdiek/kvsetkeys.sty
Package: kvsetkeys 2012/04/25 v1.16 Key value parser (HO)

(/usr/local/texlive/2015/texmf-dist/tex/generic/oberdiek/etexcmds.sty
Package: etexcmds 2011/02/16 v1.5 Avoid name clashes with e-TeX commands (HO)
Package etexcmds Info: Could not find \expanded.
(etexcmds)             That can mean that you are not using pdfTeX 1.50 or
(etexcmds)             that some package has redefined \expanded.
(etexcmds)             In the latter case, load this package earlier.
)))
Package grfext Info: Graphics extension search list:
(grfext)             [.png,.pdf,.jpg,.mps,.jpeg,.jbig2,.jb2,.PNG,.PDF,.JPG,.JPE
G,.JBIG2,.JB2,.eps]
(grfext)             \AppendGraphicsExtensions on input line 452.

(/usr/local/texlive/2015/texmf-dist/tex/latex/latexconfig/epstopdf-sys.cfg
File: epstopdf-sys.cfg 2010/07/13 v1.3 Configuration of (r)epstopdf for TeX Liv
e
))
Package lastpage Info: Please have a look at the pageslts package at
(lastpage)             https://www.ctan.org/pkg/pageslts
(lastpage)             ! on input line 15.

ABD: EveryShipout initializing macros
Package caption Info: Begin \AtBeginDocument code.
Package caption Info: subfig package v1.3 is loaded.
Package caption Info: End \AtBeginDocument code.

<SmartLogo.png, id=4, 148.51485pt x 107.32095pt>
File: SmartLogo.png Graphic file (type png)
 <use SmartLogo.png>
Package pdftex.def Info: SmartLogo.png used on input line 29.
(pdftex.def)             Requested size: 113.81102pt x 82.24599pt.

Overfull \hbox (28.45406pt too wide) in paragraph at lines 29--29
[][] 
 []

LaTeX Font Info:    External font `cmex10' loaded for size
(Font)              <10.95> on input line 29.
LaTeX Font Info:    External font `cmex10' loaded for size
(Font)              <8> on input line 29.
LaTeX Font Info:    External font `cmex10' loaded for size
(Font)              <6> on input line 29.

Underfull \hbox (badness 10000) in paragraph at lines 29--29

 []

<FP7-gen.jpg, id=6, 790.955pt x 643.40375pt>
File: FP7-gen.jpg Graphic file (type jpg)
 <use FP7-gen.jpg>
Package pdftex.def Info: FP7-gen.jpg used on input line 29.
(pdftex.def)             Requested size: 62.59596pt x 50.91374pt.

<EUflag.jpg, id=7, 444.66125pt x 302.12875pt>
File: EUflag.jpg Graphic file (type jpg)
 <use EUflag.jpg>
Package pdftex.def Info: EUflag.jpg used on input line 29.
(pdftex.def)             Requested size: 62.59596pt x 42.52823pt.

Underfull \hbox (badness 10000) in paragraph at lines 29--29
[][]
 []


Overfull \hbox (16.99998pt too wide) in paragraph at lines 29--29
[]$[]$$[]$$[]$ 
 []

LaTeX Font Info:    External font `cmex10' loaded for size
(Font)              <12> on input line 29.

Underfull \hbox (badness 10000) in paragraph at lines 29--29
[]|\OT1/cmr/bx/n/12 Dissemination Level
 []

LaTeX Font Info:    External font `cmex10' loaded for size
(Font)              <7> on input line 29.
LaTeX Font Info:    External font `cmex10' loaded for size
(Font)              <5> on input line 29.
[1

{/usr/local/texlive/2015/texmf-var/fonts/map/pdftex/updmap/pdftex.map} <./Smart
Logo.png> <./FP7-gen.jpg> <./EUflag.jpg>]
LaTeX Font Info:    Try loading font information for OMS+cmr on input line 29.

(/usr/local/texlive/2015/texmf-dist/tex/latex/base/omscmr.fd
File: omscmr.fd 2014/09/29 v2.5h Standard LaTeX font definitions
)
LaTeX Font Info:    Font shape `OMS/cmr/m/n' in size <10> not available
(Font)              Font shape `OMS/cmsy/m/n' tried instead on input line 29.
 [2

]
Underfull \hbox (badness 2556) in paragraph at lines 29--29
[]|\OT1/cmr/bx/n/10.95 Number and ti-tle of work-
 []


Overfull \hbox (42.19997pt too wide) in paragraph at lines 29--29
[][] 
 []

[3]
Overfull \hbox (3.4591pt too wide) in paragraph at lines 33--37
[] 
 []

[4

] (./sections/execsum.tex) [5

] (./main.toc [6])
\tf@toc=\write4
\openout4 = `main.toc'.

 [7] [8]
Underfull \hbox (badness 2529) in paragraph at lines 53--53
[]|\OT1/cmr/m/n/10.95 Collective Adap-
 []


Underfull \hbox (badness 10000) in paragraph at lines 54--54
[]|\OT1/cmr/m/n/10.95 Hybrid and
 []


Underfull \hbox (badness 10000) in paragraph at lines 54--54
\OT1/cmr/m/n/10.95 Diversity-Aware
 []


Underfull \hbox (badness 2529) in paragraph at lines 54--54
\OT1/cmr/m/n/10.95 Col-lec-tive Adap-
 []


Underfull \hbox (badness 2277) in paragraph at lines 55--55
[]|\OT1/cmr/m/n/10.95 Application Pro-
 []


Underfull \hbox (badness 5217) in paragraph at lines 55--55
\OT1/cmr/m/n/10.95 gram-ming In-ter-
 []


Underfull \hbox (badness 10000) in paragraph at lines 56--56
[]|\OT1/cmr/m/n/10.95 Representational
 []


Underfull \hbox (badness 10000) in paragraph at lines 60--60
[]|\OT1/cmr/m/n/10.95 Incentives Man-
 []


Underfull \hbox (badness 10000) in paragraph at lines 64--64
[]|\OT1/cmr/m/n/10.95 Orchestration
 []


Underfull \hbox (badness 10000) in paragraph at lines 67--67
[]|\OT1/cmr/m/n/10.95 Programming
 []


Underfull \hbox (badness 10000) in paragraph at lines 72--72
[]|\OT1/cmr/m/n/10.95 Provenance Ser-
 []


Underfull \hbox (badness 10000) in paragraph at lines 76--76
[]|\OT1/cmr/m/n/10.95 Communication
 []


Underfull \hbox (badness 10000) in paragraph at lines 79--79
[]|\OT1/cmr/m/n/10.95 Task Ex-e-cu-tion
 []


Overfull \hbox (32.43329pt too wide) in paragraph at lines 46--84
[] 
 []

[9] (./sections/intro.tex
LaTeX Font Info:    External font `cmex10' loaded for size
(Font)              <9> on input line 11.
LaTeX Font Info:    Font shape `OMS/cmr/m/n' in size <10.95> not available
(Font)              Font shape `OMS/cmsy/m/n' tried instead on input line 16.
 [10]) [11] (./sections/architecture.tex
Missing character: There is no ‚ in font cmr10!
Missing character: There is no Ä in font cmr10!
Missing character: There is no ì in font cmr10!
Missing character: There is no ‚ in font cmr10!
Missing character: There is no Ä in font cmr10!
Missing character: There is no ì in font cmr10!
Missing character: There is no ‚ in font cmr10!
Missing character: There is no Ä in font cmr10!
Missing character: There is no ì in font cmr10!

<figs/architecture_v2.png, id=58, 1188.44pt x 623.32875pt>
File: figs/architecture_v2.png Graphic file (type png)

<use figs/architecture_v2.png>
Package pdftex.def Info: figs/architecture_v2.png used on input line 21.
(pdftex.def)             Requested size: 426.79134pt x 223.84653pt.
 [12 <./figs/architecture_v2.png>] [13]

LaTeX Warning: Citation `D8.3' on page 14 undefined on input line 102.


LaTeX Warning: Citation `D5.4' on page 14 undefined on input line 108.

) [14] (./sections/sw.tex (./sections/om.tex
Overfull \hbox (13.20708pt too wide) in paragraph at lines 11--12
[]\OT1/cmr/bx/n/10.95 GET /ap-pli-ca-tions/:app/taskRequests/?user=:user \OT1/c
mr/m/n/10.95 Get all task re-quests posted
 []


Overfull \hbox (4.68141pt too wide) in paragraph at lines 12--13
[]\OT1/cmr/bx/n/10.95 GET /ap-pli-ca-tions/:app/taskRequests/:taskRequestID \OT
1/cmr/m/n/10.95 Get de-tails on a given
 []

[15]
Overfull \hbox (13.86432pt too wide) in paragraph at lines 26--27
[]\OT1/cmr/bx/n/10.95 GET /ap-pli-ca-tions/:app/taskRecords/:taskRecordID \OT1/
cmr/m/n/10.95 Get a spe-cific task record. 
 []


Overfull \hbox (2.79486pt too wide) in paragraph at lines 28--29
[]\OT1/cmr/bx/n/10.95 GET /ap-pli-ca-tions/:app/taskRecords/:taskRecordID/v/:ve
rsion \OT1/cmr/m/n/10.95 Get a spe-
 []


Overfull \hbox (3.56825pt too wide) in paragraph at lines 29--30
[]\OT1/cmr/bx/n/10.95 PUT /ap-pli-ca-tions/:app/taskRecords/:taskRecordID \OT1/
cmr/m/n/10.95 Pro-vide ex-e-cu-tion feeb-
 []

[16]
Overfull \hbox (3.38268pt too wide) in paragraph at lines 40--41
[]\OT1/cmr/bx/n/10.95 GET /ap-pli-ca-tions/:app/negotiations/:negotiationID \OT
1/cmr/m/n/10.95 Get ne-go-ti-a-tion re-sults.
 []

)
Overfull \hbox (31.797pt too wide) in paragraph at lines 43--5
\OT1/cmr/m/n/10.95 The OM code is avail-able (Apache v.2) at: $\OT1/cmtt/m/n/10
.95 https : / / gitlab . com / smartsociety / orchestration$
 []


Underfull \hbox (badness 10000) in paragraph at lines 43--5

 []

(./sections/pm.tex
Missing character: There is no ‚ in font cmr10!
Missing character: There is no Ä in font cmr10!
Missing character: There is no ô in font cmr10!
 [17]
Overfull \hbox (4.45853pt too wide) in paragraph at lines 15--16
[]\OT1/cmr/bx/n/10.95 GET /per-son[]sl?username=:username&password=:password \O
T1/cmr/m/n/10.95 Reg-is-ter a new
 []

[18] [19]) (./sections/cm.tex [20]) (./sections/is.tex

LaTeX Warning: Citation `D5.4' on page 21 undefined on input line 3.


Overfull \hbox (4.67491pt too wide) in paragraph at lines 11--12
[]\OT1/cmr/bx/n/10.95 POST /api/incentive \OT1/cmr/m/n/10.95 Add a new in-cen-t
ive to the IS. Must spec-ify scheme name/ID,
 []

[21]

LaTeX Warning: Citation `D5.4' on page 22 undefined on input line 16.

)
Overfull \hbox (9.74696pt too wide) in paragraph at lines 18--11
\OT1/cmr/m/n/10.95 The in-cen-tive server im-ple-men-ta-tion can be found at: $
\OT1/cmtt/m/n/10.95 https : / / gitlab . com / smartsociety /
 []

(./sections/tem.tex [22]) (./sections/prov.tex

LaTeX Warning: Citation `D2.4' on page 23 undefined on input line 3.

[23]) (./sections/rs.tex

LaTeX Warning: Citation `D2.4' on page 24 undefined on input line 3.

[24]
Missing character: There is no ‚ in font cmr10!
Missing character: There is no Ä in font cmr10!
Missing character: There is no ô in font cmr10!
Missing character: There is no ‚ in font cmr10!
Missing character: There is no Ä in font cmr10!
Missing character: There is no ô in font cmr10!

Overfull \hbox (12.68329pt too wide) in paragraph at lines 13--14
[]\OT1/cmr/bx/n/10.95 application/:app/opinionOf/:author/aboutSubject/:subject/
 \OT1/cmr/m/n/10.95 Re-trieve the raw
 []

)
Overfull \hbox (17.04703pt too wide) in paragraph at lines 17--17
\OT1/cmr/m/n/10.95 The rep-u-ta-tion ser-vice im-ple-men-ta-tion can be found a
t:$\OT1/cmtt/m/n/10.95 https : / / gitlab . com / smartsociety /
 []

(./sections/smartcom.tex [25]
! Misplaced alignment tab character &.
l.9 GET	`/?type=<type>&
                       subtype=<subtype>`	Get the message information for a ...

? 
! Misplaced alignment tab character &.
l.11 GET /?type=<type>&
                       subtype=<subtype>
? 
[26]
Missing character: There is no ‚ in font cmr10!
Missing character: There is no Ä in font cmr10!
Missing character: There is no ô in font cmr10!
Missing character: There is no ‚ in font cmr10!
Missing character: There is no Ä in font cmr10!
Missing character: There is no ô in font cmr10!
 [27]
Missing character: There is no ‚ in font cmr10!
Missing character: There is no Ä in font cmr10!
Missing character: There is no ô in font cmr10!
) (./sections/monitor.tex
Missing character: There is no ‚ in font cmr10!
Missing character: There is no Ä in font cmr10!
Missing character: There is no ¢ in font cmr10!
Missing character: There is no ‚ in font cmr10!
Missing character: There is no Ä in font cmr10!
Missing character: There is no ¢ in font cmr10!
Missing character: There is no ‚ in font cmr10!
Missing character: There is no Ä in font cmr10!
Missing character: There is no ¢ in font cmr10!
 [28] [29]

LaTeX Warning: Reference `fig:kibana' on page 30 undefined on input line 24.

[30]) [31] [32]

LaTeX Warning: Reference `app:monitoring' on page 33 undefined on input line 11
2.

[33]) [34] (./sections/usage.tex
Missing character: There is no ‚ in font cmr10!
Missing character: There is no Ä in font cmr10!
Missing character: There is no ô in font cmr10!
Missing character: There is no ‚ in font cmr10!
Missing character: There is no Ä in font cmr10!
Missing character: There is no ò in font cmr10!
Missing character: There is no ‚ in font cmr10!
Missing character: There is no Ä in font cmr10!
Missing character: There is no ô in font cmr10!
Missing character: There is no ‚ in font cmr10!
Missing character: There is no Ä in font cmr10!
Missing character: There is no ò in font cmr10!
Missing character: There is no ‚ in font cmr10!
Missing character: There is no Ä in font cmr10!
Missing character: There is no ô in font cmr10!
Missing character: There is no ‚ in font cmr10!
Missing character: There is no Ä in font cmr10!
Missing character: There is no ò in font cmr10!
Missing character: There is no ‚ in font cmr10!
Missing character: There is no Ä in font cmr10!
Missing character: There is no ô in font cmr10!
Missing character: There is no ‚ in font cmr10!
Missing character: There is no Ä in font cmr10!
Missing character: There is no î in font cmr10!
Missing character: There is no ‚ in font cmr10!
Missing character: There is no Ä in font cmr10!
Missing character: There is no ô in font cmr10!
Missing character: There is no ‚ in font cmr10!
Missing character: There is no Ä in font cmr10!
Missing character: There is no ò in font cmr10!
Missing character: There is no ‚ in font cmr10!
Missing character: There is no Ä in font cmr10!
Missing character: There is no ô in font cmr10!
Missing character: There is no ‚ in font cmr10!
Missing character: There is no Ä in font cmr10!
Missing character: There is no ô in font cmr10!
Missing character: There is no ‚ in font cmr10!
Missing character: There is no Ä in font cmr10!
Missing character: There is no ô in font cmr10!
Missing character: There is no ‚ in font cmr10!
Missing character: There is no Ä in font cmr10!
Missing character: There is no ô in font cmr10!
 [35]
Missing character: There is no ‚ in font cmr10!
Missing character: There is no É in font cmr10!
Missing character: There is no ù in font cmr10!
Missing character: There is no ‚ in font cmr10!
Missing character: There is no Ä in font cmr10!
Missing character: There is no ¢ in font cmr10!
Missing character: There is no ‚ in font cmr10!
Missing character: There is no Ä in font cmr10!
Missing character: There is no ì in font cmr10!
Missing character: There is no ‚ in font cmr10!
Missing character: There is no Ä in font cmr10!
Missing character: There is no ò in font cmr10!
Missing character: There is no ‚ in font cmr10!
Missing character: There is no Ä in font cmr10!
Missing character: There is no ô in font cmr10!
Missing character: There is no ‚ in font cmr10!
Missing character: There is no Ä in font cmr10!
Missing character: There is no ò in font cmr10!
Missing character: There is no ‚ in font cmr10!
Missing character: There is no Ä in font cmr10!
Missing character: There is no ô in font cmr10!
Missing character: There is no ‚ in font cmr10!
Missing character: There is no Ä in font cmr10!
Missing character: There is no ì in font cmr10!
Missing character: There is no ‚ in font cmr10!
Missing character: There is no à in font cmr10!
Missing character: There is no ó in font cmr10!
Missing character: There is no ‚ in font cmr10!
Missing character: There is no à in font cmr10!
Missing character: There is no ó in font cmr10!
Missing character: There is no ‚ in font cmr10!
Missing character: There is no Ä in font cmr10!
Missing character: There is no ¢ in font cmr10!
Missing character: There is no ‚ in font cmr10!
Missing character: There is no Ä in font cmr10!
Missing character: There is no ì in font cmr10!
Missing character: There is no ‚ in font cmr10!
Missing character: There is no Ä in font cmr10!
Missing character: There is no ì in font cmr10!
Missing character: There is no ‚ in font cmr10!
Missing character: There is no Ä in font cmr10!
Missing character: There is no ¢ in font cmr10!
Missing character: There is no ‚ in font cmr10!
Missing character: There is no Ä in font cmr10!
Missing character: There is no ì in font cmr10!
Missing character: There is no ‚ in font cmr10!
Missing character: There is no Ä in font cmr10!
Missing character: There is no ì in font cmr10!
Missing character: There is no ‚ in font cmr10!
Missing character: There is no Ä in font cmr10!
Missing character: There is no ô in font cmr10!
Missing character: There is no ‚ in font cmr10!
Missing character: There is no Ä in font cmr10!
Missing character: There is no ¢ in font cmr10!
Missing character: There is no ‚ in font cmr10!
Missing character: There is no Ä in font cmr10!
Missing character: There is no ¢ in font cmr10!
Missing character: There is no ‚ in font cmr10!
Missing character: There is no Ä in font cmr10!
Missing character: There is no ¢ in font cmr10!

Underfull \vbox (badness 10000) has occurred while \output is active []

 [36]
Missing character: There is no ‚ in font cmr10!
Missing character: There is no Ä in font cmr10!
Missing character: There is no ¢ in font cmr10!
Missing character: There is no ‚ in font cmr10!
Missing character: There is no Ä in font cmr10!
Missing character: There is no ¢ in font cmr10!
Missing character: There is no ‚ in font cmr10!
Missing character: There is no Ä in font cmr10!
Missing character: There is no ¢ in font cmr10!

! Missing $ inserted.
<inserted text> 
                $
l.49 ...(CollaborationType.OC) //Enum: OC, OD, OC_
                                                  OD
? 
! Missing $ inserted.
<inserted text> 
                $
l.54 
     
? 

Overfull \hbox (89.7304pt too wide) in paragraph at lines 47--54
\OT1/cmr/m/n/10.95 OC$[]\OML/cmm/m/it/10.95 D\OT1/cmr/m/n/10.95 4\OML/cmm/m/it/
10.95 :forInputCollective\OT1/cmr/m/n/10.95 (\OML/cmm/m/it/10.95 c\OT1/cmr/m/n/
10.95 )5\OML/cmm/m/it/10.95 :forTaskRequest\OT1/cmr/m/n/10.95 (\OML/cmm/m/it/10
.95 t\OT1/cmr/m/n/10.95 )6\OML/cmm/m/it/10.95 :withNegotiationArgs\OT1/cmr/m/n/
10.95 (\OML/cmm/m/it/10.95 myNegotiationArgs\OT1/cmr/m/n/10.95 )7\OML/cmm/m/it/
10.95 :build\OT1/cmr/m/n/10.95 ();$ 
 []

Missing character: There is no ‚ in font cmr10!
Missing character: There is no Ä in font cmr10!
Missing character: There is no ¢ in font cmr10!
Missing character: There is no ‚ in font cmr10!
Missing character: There is no Ä in font cmr10!
Missing character: There is no ì in font cmr10!
Missing character: There is no ‚ in font cmr10!
Missing character: There is no Ä in font cmr10!
Missing character: There is no ¢ in font cmr10!
Missing character: There is no ‚ in font cmr10!
Missing character: There is no Ä in font cmr10!
Missing character: There is no ì in font cmr10!
Missing character: There is no ‚ in font cmr10!
Missing character: There is no Ä in font cmr10!
Missing character: There is no ò in font cmr10!
Missing character: There is no ‚ in font cmr10!
Missing character: There is no Ä in font cmr10!
Missing character: There is no ô in font cmr10!
Missing character: There is no ‚ in font cmr10!
Missing character: There is no Ä in font cmr10!
Missing character: There is no ¢ in font cmr10!
Missing character: There is no ‚ in font cmr10!
Missing character: There is no Ä in font cmr10!
Missing character: There is no ì in font cmr10!
Missing character: There is no ‚ in font cmr10!
Missing character: There is no Ä in font cmr10!
Missing character: There is no ò in font cmr10!
Missing character: There is no ‚ in font cmr10!
Missing character: There is no Ä in font cmr10!
Missing character: There is no ô in font cmr10!
Missing character: There is no ‚ in font cmr10!
Missing character: There is no Ä in font cmr10!
Missing character: There is no ò in font cmr10!
Missing character: There is no ‚ in font cmr10!
Missing character: There is no Ä in font cmr10!
Missing character: There is no ô in font cmr10!
Missing character: There is no ‚ in font cmr10!
Missing character: There is no Ä in font cmr10!
Missing character: There is no ¢ in font cmr10!
Missing character: There is no ‚ in font cmr10!
Missing character: There is no Ä in font cmr10!
Missing character: There is no ì in font cmr10!
Missing character: There is no ‚ in font cmr10!
Missing character: There is no Ä in font cmr10!
Missing character: There is no ò in font cmr10!
Missing character: There is no ‚ in font cmr10!
Missing character: There is no Ä in font cmr10!
Missing character: There is no ô in font cmr10!
[37]
Missing character: There is no ‚ in font cmr10!
Missing character: There is no Ä in font cmr10!
Missing character: There is no ¢ in font cmr10!
Missing character: There is no ‚ in font cmr10!
Missing character: There is no Ä in font cmr10!
Missing character: There is no ¢ in font cmr10!
Missing character: There is no ‚ in font cmr10!
Missing character: There is no Ä in font cmr10!
Missing character: There is no ¢ in font cmr10!
Missing character: There is no ‚ in font cmr10!
Missing character: There is no Ä in font cmr10!
Missing character: There is no ¢ in font cmr10!
Missing character: There is no ‚ in font cmr10!
Missing character: There is no Ä in font cmr10!
Missing character: There is no ¢ in font cmr10!
Missing character: There is no ‚ in font cmr10!
Missing character: There is no Ä in font cmr10!
Missing character: There is no ì in font cmr10!
Missing character: There is no ‚ in font cmr10!
Missing character: There is no Ä in font cmr10!
Missing character: There is no ¢ in font cmr10!
Missing character: There is no ‚ in font cmr10!
Missing character: There is no Ä in font cmr10!
Missing character: There is no ì in font cmr10!
Missing character: There is no ‚ in font cmr10!
Missing character: There is no Ä in font cmr10!
Missing character: There is no ì in font cmr10!
Missing character: There is no ‚ in font cmr10!
Missing character: There is no Ä in font cmr10!
Missing character: There is no ¢ in font cmr10!
Missing character: There is no ‚ in font cmr10!
Missing character: There is no Ä in font cmr10!
Missing character: There is no ì in font cmr10!
Missing character: There is no ‚ in font cmr10!
Missing character: There is no Ä in font cmr10!
Missing character: There is no ô in font cmr10!
Missing character: There is no ‚ in font cmr10!
Missing character: There is no Ä in font cmr10!
Missing character: There is no ¢ in font cmr10!
Missing character: There is no ‚ in font cmr10!
Missing character: There is no Ä in font cmr10!
Missing character: There is no ¢ in font cmr10!
Missing character: There is no ‚ in font cmr10!
Missing character: There is no Ä in font cmr10!
Missing character: There is no ¢ in font cmr10!
Missing character: There is no ‚ in font cmr10!
Missing character: There is no Ä in font cmr10!
Missing character: There is no ¢ in font cmr10!
Missing character: There is no ‚ in font cmr10!
Missing character: There is no Ä in font cmr10!
Missing character: There is no ¢ in font cmr10!
Missing character: There is no ‚ in font cmr10!
Missing character: There is no Ä in font cmr10!
Missing character: There is no ì in font cmr10!
Missing character: There is no ‚ in font cmr10!
Missing character: There is no Ä in font cmr10!
Missing character: There is no ¢ in font cmr10!
Missing character: There is no ‚ in font cmr10!
Missing character: There is no Ä in font cmr10!
Missing character: There is no ì in font cmr10!
Missing character: There is no ‚ in font cmr10!
Missing character: There is no Ä in font cmr10!
Missing character: There is no ¢ in font cmr10!
Missing character: There is no ‚ in font cmr10!
Missing character: There is no Ä in font cmr10!
Missing character: There is no ì in font cmr10!
Missing character: There is no ‚ in font cmr10!
Missing character: There is no Ä in font cmr10!
Missing character: There is no ¢ in font cmr10!
Missing character: There is no ‚ in font cmr10!
Missing character: There is no Ä in font cmr10!
Missing character: There is no ì in font cmr10!
Missing character: There is no ‚ in font cmr10!
Missing character: There is no Ä in font cmr10!
Missing character: There is no ¢ in font cmr10!
Missing character: There is no ‚ in font cmr10!
Missing character: There is no Ä in font cmr10!
Missing character: There is no ì in font cmr10!
Missing character: There is no ‚ in font cmr10!
Missing character: There is no Ä in font cmr10!
Missing character: There is no ô in font cmr10!
Missing character: There is no ‚ in font cmr10!
Missing character: There is no Ä in font cmr10!
Missing character: There is no ¢ in font cmr10!
Missing character: There is no ‚ in font cmr10!
Missing character: There is no Ä in font cmr10!
Missing character: There is no ì in font cmr10!
Missing character: There is no ‚ in font cmr10!
Missing character: There is no Ä in font cmr10!
Missing character: There is no ¢ in font cmr10!
Missing character: There is no ‚ in font cmr10!
Missing character: There is no Ä in font cmr10!
Missing character: There is no ì in font cmr10!
Missing character: There is no ‚ in font cmr10!
Missing character: There is no Ä in font cmr10!
Missing character: There is no ò in font cmr10!
Missing character: There is no ‚ in font cmr10!
Missing character: There is no Ä in font cmr10!
Missing character: There is no ô in font cmr10!
Missing character: There is no ‚ in font cmr10!
Missing character: There is no Ä in font cmr10!
Missing character: There is no ¢ in font cmr10!
Missing character: There is no ‚ in font cmr10!
Missing character: There is no Ä in font cmr10!
Missing character: There is no ì in font cmr10!
Missing character: There is no ‚ in font cmr10!
Missing character: There is no Ä in font cmr10!
Missing character: There is no ò in font cmr10!
Missing character: There is no ‚ in font cmr10!
Missing character: There is no Ä in font cmr10!
Missing character: There is no ô in font cmr10!
Missing character: There is no ‚ in font cmr10!
Missing character: There is no Ä in font cmr10!
Missing character: There is no ¢ in font cmr10!
Missing character: There is no ‚ in font cmr10!
Missing character: There is no Ä in font cmr10!
Missing character: There is no ì in font cmr10!
Missing character: There is no ‚ in font cmr10!
Missing character: There is no Ä in font cmr10!
Missing character: There is no ¢ in font cmr10!
Missing character: There is no ‚ in font cmr10!
Missing character: There is no Ä in font cmr10!
Missing character: There is no ì in font cmr10!
Missing character: There is no ‚ in font cmr10!
Missing character: There is no Ä in font cmr10!
Missing character: There is no ô in font cmr10!
Missing character: There is no ‚ in font cmr10!
Missing character: There is no Ä in font cmr10!
Missing character: There is no ¢ in font cmr10!
Missing character: There is no ‚ in font cmr10!
Missing character: There is no Ä in font cmr10!
Missing character: There is no ì in font cmr10!
 [38]
Missing character: There is no ‚ in font cmr10!
Missing character: There is no É in font cmr10!
Missing character: There is no ù in font cmr10!
Missing character: There is no ‚ in font cmr10!
Missing character: There is no Ä in font cmr10!
Missing character: There is no ô in font cmr10!
Missing character: There is no ‚ in font cmr10!
Missing character: There is no Ä in font cmr10!
Missing character: There is no ¢ in font cmr10!
Missing character: There is no ‚ in font cmr10!
Missing character: There is no Ä in font cmr10!
Missing character: There is no ì in font cmr10!
Missing character: There is no ‚ in font cmr10!
Missing character: There is no Ä in font cmr10!
Missing character: There is no ¢ in font cmr10!
Missing character: There is no ‚ in font cmr10!
Missing character: There is no Ä in font cmr10!
Missing character: There is no ì in font cmr10!
Missing character: There is no ‚ in font cmr10!
Missing character: There is no Ä in font cmr10!
Missing character: There is no ¢ in font cmr10!
Missing character: There is no ‚ in font cmr10!
Missing character: There is no Ä in font cmr10!
Missing character: There is no ì in font cmr10!
Missing character: There is no ‚ in font cmr10!
Missing character: There is no Ä in font cmr10!
Missing character: There is no ¢ in font cmr10!
Missing character: There is no ‚ in font cmr10!
Missing character: There is no Ä in font cmr10!
Missing character: There is no ì in font cmr10!
Missing character: There is no ‚ in font cmr10!
Missing character: There is no Ä in font cmr10!
Missing character: There is no ô in font cmr10!
Missing character: There is no ‚ in font cmr10!
Missing character: There is no Ä in font cmr10!
Missing character: There is no ô in font cmr10!
Missing character: There is no ‚ in font cmr10!
Missing character: There is no Ä in font cmr10!
Missing character: There is no ¢ in font cmr10!
Missing character: There is no ‚ in font cmr10!
Missing character: There is no Ä in font cmr10!
Missing character: There is no ì in font cmr10!
Missing character: There is no ‚ in font cmr10!
Missing character: There is no É in font cmr10!
Missing character: There is no ù in font cmr10!

Underfull \vbox (badness 10000) has occurred while \output is active []

 [39]
Missing character: There is no ‚ in font cmr10!
Missing character: There is no É in font cmr10!
Missing character: There is no ù in font cmr10!
Missing character: There is no ‚ in font cmr10!
Missing character: There is no Ä in font cmr10!
Missing character: There is no ¢ in font cmr10!
Missing character: There is no ‚ in font cmr10!
Missing character: There is no Ä in font cmr10!
Missing character: There is no ì in font cmr10!
Missing character: There is no ‚ in font cmr10!
Missing character: There is no Ä in font cmr10!
Missing character: There is no ¢ in font cmr10!
Missing character: There is no ‚ in font cmr10!
Missing character: There is no Ä in font cmr10!
Missing character: There is no ì in font cmr10!
Missing character: There is no ‚ in font cmr10!
Missing character: There is no Ä in font cmr10!
Missing character: There is no ¢ in font cmr10!
Missing character: There is no ‚ in font cmr10!
Missing character: There is no Ä in font cmr10!
Missing character: There is no ì in font cmr10!

! Missing $ inserted.
<inserted text> 
                $
l.124 void ctx_
               initialization() {
? 
! Missing $ inserted.
<inserted text> 
                $
l.155 
      
? 
Missing character: There is no ‚ in font cmr10!
Missing character: There is no É in font cmr10!
Missing character: There is no ù in font cmr10!
Missing character: There is no ‚ in font cmr10!
Missing character: There is no É in font cmr10!
Missing character: There is no ù in font cmr10!
Missing character: There is no ‚ in font cmr10!
Missing character: There is no Ä in font cmr10!
Missing character: There is no ú in font cmr10!
Missing character: There is no ‚ in font cmr10!
Missing character: There is no Ä in font cmr10!
Missing character: There is no ù in font cmr10!
Missing character: There is no ‚ in font cmr10!
Missing character: There is no Ä in font cmr10!
Missing character: There is no ú in font cmr10!
Missing character: There is no ‚ in font cmr10!
Missing character: There is no Ä in font cmr10!
Missing character: There is no ù in font cmr10!
Missing character: There is no ‚ in font cmr10!
Missing character: There is no Ä in font cmr10!
Missing character: There is no ò in font cmr10!
Missing character: There is no ‚ in font cmr10!
Missing character: There is no Ä in font cmr10!
Missing character: There is no ô in font cmr10!
Missing character: There is no ‚ in font cmr10!
Missing character: There is no Ä in font cmr10!
Missing character: There is no ì in font cmr10!

Overfull \hbox (2390.01144pt too wide) in paragraph at lines 122--155
[]\OT1/cmr/m/n/10.95 3.7 Ex-am-ples 3.7.1 Ini-tial-iz-ing a CBT void ctx$[]\OML
/cmm/m/it/10.95 nitialization\OT1/cmr/m/n/10.95 ()[]\OML/cmm/m/it/10.95 = \OMS/
cmsy/m/n/10.95 ^^C
 []


Overfull \hbox (1147.99869pt too wide) in paragraph at lines 122--155
\OML/cmm/m/it/10.95 thismethodiscalledforrequestsrequiringa\OT1/cmr/m/n/10.95 "
\OML/cmm/m/it/10.95 RideSharing\OT1/cmr/m/n/10.95 "\OML/cmm/m/it/10.95 CBT \OMS
/cmsy/m/n/10.95 ^^C \OML/cmm/m/it/10.95 =CBTget[]BT[]or[]ideSharing\OT1/cmr/m/n
/10.95 (\OML/cmm/m/it/10.95 TaskRequestrequest\OT1/cmr/m/n/10.95 )[]\OML/cmm/m/
it/10.95 = \OMS/cmsy/m/n/10.95 ^^C
 []


Overfull \hbox (1630.0636pt too wide) in paragraph at lines 122--155
\OML/cmm/m/it/10.95 thismethodiscalledforrequestsinvolvinga\OT1/cmr/m/n/10.95 "
\OML/cmm/m/it/10.95 SimpleTask\OT1/cmr/m/n/10.95 "\OML/cmm/m/it/10.95 request \
OMS/cmsy/m/n/10.95 ^^C \OML/cmm/m/it/10.95 =CBTget[]BT[]or[]ideSharing\OT1/cmr/
m/n/10.95 (\OML/cmm/m/it/10.95 TaskRequestrequest\OT1/cmr/m/n/10.95 )[]\OML/cmm
/m/it/10.95 ctx:getCBTBuilder\OT1/cmr/m/n/10.95 ("\OML/cmm/m/it/10.95 SimpleTas
k\OT1/cmr/m/n/10.95 ")\OML/cmm/m/it/10.95 :of\OT1/cmr/m/n/10.95 (\OML/cmm/m/it/
10.95 CollaborationType:OC\OT1/cmr/m/n/10.95 )\OML/cmm/m/it/10.95 :forTaskReque
st\OT1/cmr/m/n/10.95 (\OML/cmm/m/it/10.95 request\OT1/cmr/m/n/10.95 )\OML/cmm/m
/it/10.95 :withCompositionArguments\OT1/cmr/m/n/10.95 (\OML/cmm/m/it/10.95 Comp
ositionPattern:USE[]ROVIDED[]OLLECTIVE\OT1/cmr/m/n/10.95 )\OML/cmm/m/it/10.95 :
withNegotiationArguments\OT1/cmr/m/n/10.95 (\OML/cmm/m/it/10.95 :build\OT1/cmr/
m/n/10.95 (); \OML/cmm/m/it/10.95 NegotiationPattern:AGREEMENT[]ELATIVE[]HRESHO
LD; \OT1/cmr/m/n/10.95 0\OML/cmm/m/it/10.95 :\OT1/cmr/m/n/10.95 6)\OML/cmm/m/it
/10.95 Listing\OT1/cmr/m/n/10.95 2 :
 []


Overfull \hbox (465.1844pt too wide) in paragraph at lines 122--155
\OML/cmm/m/it/10.95 CBTinitializationListing\OT1/cmr/m/n/10.95 2\OML/cmm/m/it/1
0.95 showsanexampleofhowaCBTcanbeinitialized:Thepiecesofcodearegroupedindummyme
thodsforpresentationpurposes:TheCTXinitializationphase\OT1/cmr/m/n/10.95 (\OML/
cmm/m/it/10.95 lines\OT1/cmr/m/n/10.95 1 \OMS/cmsy/m/n/10.95 ^^@
 []


Overfull \hbox (963.1909pt too wide) in paragraph at lines 122--155
\OT1/cmr/m/n/10.95 11)\OML/cmm/m/it/10.95 isexecutedaftertheCTXhasbeencre \OMS/
cmsy/m/n/10.95 ^^@ \OML/cmm/m/it/10.95 ated:ThedevelopermustprovideaCBTBuilderf
oreachtypeofCBTthatisgoingtobeusedduringtheapplicationlifetime:Twodifferenttype
sareregisteredRideSharingandSimpleTask; foreachofthemadifferentbuilderisprovide
d:Forthesakeofusabil \OMS/cmsy/m/n/10.95 ^^@
 []


Overfull \hbox (275.40579pt too wide) in paragraph at lines 122--155
\OML/cmm/m/it/10.95 ity; asupportlibraryprovidedalongwiththeprogrammingmodelwil
lprovideseveralCBTBuilderimplementations:cSmartSocietyConsortium\OT1/cmr/m/n/10
.95 2013 \OMS/cmsy/m/n/10.95 ^^@
 []


Overfull \hbox (1481.86148pt too wide) in paragraph at lines 122--155
\OT1/cmr/m/n/10.95 201735\OML/cmm/m/it/10.95 of\OT1/cmr/m/n/10.95 48\OML/cmm/m/
it/10.95 cSmartSocietyConsortium\OT1/cmr/m/n/10.95 2013 \OMS/cmsy/m/n/10.95 ^^@
 \OT1/cmr/m/n/10.95 2017\OML/cmm/m/it/10.95 Deliverable\OT1/cmr/m/n/10.95 7\OML
/cmm/m/it/10.95 :\OT1/cmr/m/n/10.95 2\OML/cmm/m/it/10.95 ForthetypeRideSharingt
hedeveloperdecidetouseanOMProxy; theOMProxyisinstantiatedinadvance\OT1/cmr/m/n/
10.95 (\OML/cmm/m/it/10.95 theCTXisnotinvolved\OT1/cmr/m/n/10.95 )\OML/cmm/m/it
/10.95 ; andthenitisusedtocreateagenericbuilderbasedonOMProxy\OT1/cmr/m/n/10.95
 (\OML/cmm/m/it/10.95 alibraryprovidedone\OT1/cmr/m/n/10.95 )\OML/cmm/m/it/10.9
5 :AlsoforSimpleTasktypethedevelopermakesuseofagivenbuilder:ComparingtheCBTcrea
tioncodeforthetwotypes\OT1/cmr/m/n/10.95 (\OML/cmm/m/it/10.95 lines\OT1/cmr/m/n
/10.95 13 \OMS/cmsy/m/n/10.95 ^^@
 []


Overfull \hbox (3277.21216pt too wide) in paragraph at lines 122--155
\OT1/cmr/m/n/10.95 21\OML/cmm/m/it/10.95 fortheRideSharingtype; lines\OT1/cmr/m
/n/10.95 23 \OMS/cmsy/m/n/10.95 ^^@ \OT1/cmr/m/n/10.95 32\OML/cmm/m/it/10.95 fo
rSimpleTask\OT1/cmr/m/n/10.95 )\OML/cmm/m/it/10.95 ; onecanappreciatetheconsist
encyoftheCBTBuilderinterface:Howeverthedifferentbuilderimplementationswillrequi
redifferentargumentsforthecreationofhandlers:ForinstanceintheexampletheOMProxyb
asedbuilderrequirestohaveatimeoutfortheNegotiationandtheusercancreateit:Notehow
forsomehandlernoparameterispassed; thismightmeansthatthebuilderdonotallowanypar
ametrizationforthehandlercreation; ortheymightprovideadefaultbehavior:Intheseco
ndexamplethedeveloperdoesnotprovideainputcollection; itspecifiesinsteadthebehav
iorbothforthecompositionandthenegotiation:\OT1/cmr/m/n/10.95 3\OML/cmm/m/it/10.
95 :\OT1/cmr/m/n/10.95 7\OML/cmm/m/it/10.95 :\OT1/cmr/m/n/10.95 2\OML/cmm/m/it/
10.95 ManipulatingandreusingcollectivesConsideranapplicationthatusesSmartSociet
yplatformtoassemblead \OMS/cmsy/m/n/10.95 ^^@
 []


Overfull \hbox (147.38217pt too wide) in paragraph at lines 122--155
\OML/cmm/m/it/10.95 hoc; on \OMS/cmsy/m/n/10.95 ^^@ \OML/cmm/m/it/10.95 demandp
rogrammingteamstobuildsoftwareartifacts:Forthispurpose; twoCBTtypesareregistere
dwithCTX \OT1/cmr/m/n/10.95 :
 []


Overfull \hbox (299.20291pt too wide) in paragraph at lines 122--155
\OML/cmm/m/it/10.95 MyJavaProgrammingTaskandMyJavaTestingTask:First; thedevelop
ercreatesaRCjavaDevscontainingallaccessibleJavadevelopersfromthePeer \OMS/cmsy/
m/n/10.95 ^^@
 []


Overfull \hbox (79.70886pt too wide) in paragraph at lines 122--155
\OML/cmm/m/it/10.95 Manager:ThiscollectiveisusedastheinputcollectiveoftheprogTa
skCBT:progTaskisinstantiatedasanon \OMS/cmsy/m/n/10.95 ^^@
 []


Overfull \hbox (687.77634pt too wide) in paragraph at lines 122--155
\OML/cmm/m/it/10.95 demandcollectivetask; meaningthatthecompositionstatewillbes
kipped; sincetheexecutionplaninimpliedfromthetaskrequestmyImplementationTReq:Th
ecollectiveisfirstprocessedintheprovisioningphase; whereasubsetofprogram \OMS/c
msy/m/n/10.95 ^^@
 []


Overfull \hbox (300.79346pt too wide) in paragraph at lines 122--155
\OML/cmm/m/it/10.95 merswithparticularskillsareselectedandajointcoderepositoryi
ssetforthemtouse:Theoutputoftheprovisioningstateistheprovisionedcollective; aCB
T \OMS/cmsy/m/n/10.95 ^^@
 []


Overfull \hbox (1888.40417pt too wide) in paragraph at lines 122--155
\OML/cmm/m/it/10.95 builtABCcollective; containingtheselectedprogrammers:Sincei
tisatomicandimmutable; theexactprogrammerswhicharemembersoftheteamarenotknownto
theapplicationdeveloper\OT1/cmr/m/n/10.95 10\OML/cmm/m/it/10.95 :Thenegotiation
patternwillselectthefirst\OT1/cmr/m/n/10.95 5010\OML/cmm/m/it/10.95 Therational
ehereissimilartocloudcomputingtheuserspecifiestheinfrastructuralrequirementsand
constraintsandtheplatformtakescaretoprovisionthisinfrastructure; withoutletting
theusercareaboutwhichparticularVMinstancesareused:\OT1/cmr/m/n/10.95 36\OML/cmm
/m/it/10.95 of\OT1/cmr/m/n/10.95 48\OML/cmm/m/it/10.95 http \OT1/cmr/m/n/10.95 
:
 []

[40]
Missing character: There is no ‚ in font cmr10!
Missing character: There is no É in font cmr10!
Missing character: There is no ù in font cmr10!
Missing character: There is no ‚ in font cmr10!
Missing character: There is no Ä in font cmr10!
Missing character: There is no ò in font cmr10!
Missing character: There is no ‚ in font cmr10!
Missing character: There is no Ä in font cmr10!
Missing character: There is no ô in font cmr10!

! Missing $ inserted.
<inserted text> 
                $
l.191 ...ntCollective.createFromQuery(myQry,"JAVA_
                                                  DEVS");
? 
! Missing $ inserted.
<inserted text> 
                $
l.205 
      
? 
Missing character: There is no ‚ in font cmr10!
Missing character: There is no Ä in font cmr10!
Missing character: There is no ò in font cmr10!
Missing character: There is no ‚ in font cmr10!
Missing character: There is no Ä in font cmr10!
Missing character: There is no ô in font cmr10!
Missing character: There is no ‚ in font cmr10!
Missing character: There is no Ä in font cmr10!
Missing character: There is no ò in font cmr10!
Missing character: There is no ‚ in font cmr10!
Missing character: There is no Ä in font cmr10!
Missing character: There is no ô in font cmr10!

Overfull \hbox (17.87953pt too wide) in paragraph at lines 156--205
\OT1/cmr/m/n/10.95 turn; CBT test-Task = ctx.getCBTBuilder("MyJavaTestingTask")
 .of(CollaborationType.OD)
 []


Overfull \hbox (127.54823pt too wide) in paragraph at lines 156--205
\OT1/cmr/m/n/10.95 1 2 3 4 5 6 7 8 9 Col-lec-tive javaDevs = ResidentCollective
.createFromQuery(myQry,"JAVA$[]\OML/cmm/m/it/10.95 EVS\OT1/cmr/m/n/10.95 "); \O
ML/cmm/m/it/10.95 CBTprogTask \OT1/cmr/m/n/10.95 =
 []


Overfull \hbox (1077.00151pt too wide) in paragraph at lines 156--205
\OML/cmm/m/it/10.95 ctx:getCBTBuilder\OT1/cmr/m/n/10.95 ("\OML/cmm/m/it/10.95 M
yJavaProgrammingTask\OT1/cmr/m/n/10.95 ")\OML/cmm/m/it/10.95 :of\OT1/cmr/m/n/10
.95 (\OML/cmm/m/it/10.95 CollaborationType:OD\OT1/cmr/m/n/10.95 )\OML/cmm/m/it/
10.95 :forInputCollective\OT1/cmr/m/n/10.95 (\OML/cmm/m/it/10.95 javaDevs\OT1/c
mr/m/n/10.95 )\OML/cmm/m/it/10.95 :forTaskRequest\OT1/cmr/m/n/10.95 (\OML/cmm/m
/it/10.95 myImplementationTReq\OT1/cmr/m/n/10.95 )\OML/cmm/m/it/10.95 :withNego
tiationArguments\OT1/cmr/m/n/10.95 (\OML/cmm/m/it/10.95 NegotiationPattern:AGRE
EMENT[]ELATIVE[]HRESHOLD; \OT1/cmr/m/n/10.95 0\OML/cmm/m/it/10.95 :\OT1/cmr/m/n
/10.95 5)\OML/cmm/m/it/10.95 :build\OT1/cmr/m/n/10.95 (); 1011121314\OML/cmm/m/
it/10.95 ==\OT1/cmr/m/n/10.95 15\OML/cmm/m/it/10.95 ==\OT1/cmr/m/n/10.95 16\OML
/cmm/m/it/10.95 ==\OT1/cmr/m/n/10.95 17\OML/cmm/m/it/10.95 progTask:start\OT1/c
mr/m/n/10.95 (); \OML/cmm/m/it/10.95 = \OMS/cmsy/m/n/10.95 ^^C
 []


Overfull \hbox (555.20761pt too wide) in paragraph at lines 156--205
\OML/cmm/m/it/10.95 ::: \OMS/cmsy/m/n/10.95 ^^C \OML/cmm/m/it/10.95 =:forInputC
ollective\OT1/cmr/m/n/10.95 (\OML/cmm/m/it/10.95 javaDevs\OT1/cmr/m/n/10.95 )\O
ML/cmm/m/it/10.95 :forTaskRequest\OT1/cmr/m/n/10.95 (\OML/cmm/m/it/10.95 newTas
kRequest\OT1/cmr/m/n/10.95 (\OML/cmm/m/it/10.95 progTRes\OT1/cmr/m/n/10.95 ))\O
ML/cmm/m/it/10.95 :withNegotiationArguments\OT1/cmr/m/n/10.95 (\OML/cmm/m/it/10
.95 NegotiationPattern:AGREEMENT[]ELATIVE[]HRESHOLD; \OT1/cmr/m/n/10.95 1\OML/c
mm/m/it/10.95 :\OT1/cmr/m/n/10.95 0)\OML/cmm/m/it/10.95 :build\OT1/cmr/m/n/10.9
5 (); \OML/cmm/m/it/10.95 Listing\OT1/cmr/m/n/10.95 3 :
 []


Overfull \hbox (248.68588pt too wide) in paragraph at lines 156--205
\OML/cmm/m/it/10.95 UsingtheagreedandprovisionedABCstoobtainathirdcollectivetha
twillbeusedinanothertask:Also; usingtheoutcomeofoneCBTinanotherone:$ 
 []

! Missing $ inserted.
<inserted text> 
                $
l.209 CBT cbt = /*... assume on_
                                demand = true ... */
? 
! Misplaced alignment tab character &.
l.212 while (cbt.isRunning() &
                              & !cbt.isWaitingForNegotiation()) { //do stuff...

? 
! Misplaced alignment tab character &.
l.212 while (cbt.isRunning() &&
                                !cbt.isWaitingForNegotiation()) { //do stuff...

? 
! Extra }, or forgotten $.
l.232 }
       
? 
)
! Missing $ inserted.
<inserted text> 
                $
l.133 
      
? 
! Missing } inserted.
<inserted text> 
                }
l.133 
      
? 

Overfull \hbox (664.43568pt too wide) in paragraph at lines 207--133
\OML/cmm/m/it/10.95 =cbt:setAllTransitionsTo\OT1/cmr/m/n/10.95 (\OML/cmm/m/it/1
0.95 true\OT1/cmr/m/n/10.95 ); \OML/cmm/m/it/10.95 ==optionalcbt:setDoNegotiate
\OT1/cmr/m/n/10.95 (\OML/cmm/m/it/10.95 false\OT1/cmr/m/n/10.95 ); \OML/cmm/m/i
t/10.95 cbt:start\OT1/cmr/m/n/10.95 (); \OML/cmm/m/it/10.95 while\OT1/cmr/m/n/1
0.95 (\OML/cmm/m/it/10.95 cbt:isRunning\OT1/cmr/m/n/10.95 ()!\OML/cmm/m/it/10.9
5 cbt:isWaitingForNegotiation\OT1/cmr/m/n/10.95 ())[]28293031\OML/cmm/m/it/10.9
5 for\OT1/cmr/m/n/10.95 (\OML/cmm/m/it/10.95 ABCnegotiatingCol \OT1/cmr/m/n/10.
95 :
 []


Overfull \hbox (1821.5098pt too wide) in paragraph at lines 207--133
\OML/cmm/m/it/10.95 cbt:getNegotiables\OT1/cmr/m/n/10.95 ()[]\OML/cmm/m/it/10.9
5 cbt:setDoNegotiate\OT1/cmr/m/n/10.95 (\OML/cmm/m/it/10.95 true\OT1/cmr/m/n/10
.95 ); \OML/cmm/m/it/10.95 try[]catch\OT1/cmr/m/n/10.95 (\OML/cmm/m/it/10.95 Ti
meoutExceptionex\OT1/cmr/m/n/10.95 )[]$ 
 []

(./sections/validation.tex [41]
Underfull \hbox (badness 10000) in paragraph at lines 11--11
[]|\OT1/cmr/m/n/9 Computational Re-quire-
 []


Underfull \hbox (badness 7832) in paragraph at lines 11--11
[]|\OT1/cmr/m/n/9 See SmartShare and AskS-mart-So-ci-ety!
 []


Underfull \hbox (badness 10000) in paragraph at lines 12--12
[]|\OT1/cmr/m/n/9 Computational Re-quire-
 []


Underfull \hbox (badness 3746) in paragraph at lines 12--12
[]|\OT1/cmr/m/n/9 The plat-form should be able to ex-e-cute
 []


Underfull \hbox (badness 10000) in paragraph at lines 13--13
[]|\OT1/cmr/m/n/9 Computational Re-quire-
 []


Overfull \hbox (10.42842pt too wide) in paragraph at lines 7--37
[][]
 []


Underfull \hbox (badness 10000) in paragraph at lines 7--37

 []

) [42] [43] [44] (./sections/conclusions.tex [45]) [46] (./main.bbl [47])

AED: lastpage setting LastPage
[48] (./main.aux)

LaTeX Warning: There were undefined references.

 ) 
Here is how much of TeX's memory you used:
 13842 strings out of 493089
 274518 string characters out of 6134842
 334708 words of memory out of 5000000
 16994 multiletter control sequences out of 15000+600000
 11947 words of font info for 42 fonts, out of 8000000 for 9000
 1141 hyphenation exceptions out of 8191
 62i,15n,96p,1567b,773s stack positions out of 5000i,500n,10000p,200000b,80000s
</usr/local/texlive/2015/texmf-dist/fonts/type1/public/amsfonts/cm/cmbx10.pfb
></usr/local/texlive/2015/texmf-dist/fonts/type1/public/amsfonts/cm/cmbx12.pfb>
</usr/local/texlive/2015/texmf-dist/fonts/type1/public/amsfonts/cm/cmcsc10.pfb>
</usr/local/texlive/2015/texmf-dist/fonts/type1/public/amsfonts/cm/cmmi10.pfb><
/usr/local/texlive/2015/texmf-dist/fonts/type1/public/amsfonts/cm/cmmi8.pfb></u
sr/local/texlive/2015/texmf-dist/fonts/type1/public/amsfonts/cm/cmr10.pfb></usr
/local/texlive/2015/texmf-dist/fonts/type1/public/amsfonts/cm/cmr12.pfb></usr/l
ocal/texlive/2015/texmf-dist/fonts/type1/public/amsfonts/cm/cmr6.pfb></usr/loca
l/texlive/2015/texmf-dist/fonts/type1/public/amsfonts/cm/cmr7.pfb></usr/local/t
exlive/2015/texmf-dist/fonts/type1/public/amsfonts/cm/cmr8.pfb></usr/local/texl
ive/2015/texmf-dist/fonts/type1/public/amsfonts/cm/cmr9.pfb></usr/local/texlive
/2015/texmf-dist/fonts/type1/public/amsfonts/cm/cmssbx10.pfb></usr/local/texliv
e/2015/texmf-dist/fonts/type1/public/amsfonts/cm/cmsy10.pfb></usr/local/texlive
/2015/texmf-dist/fonts/type1/public/amsfonts/cm/cmti10.pfb></usr/local/texlive/
2015/texmf-dist/fonts/type1/public/amsfonts/cm/cmti12.pfb></usr/local/texlive/2
015/texmf-dist/fonts/type1/public/amsfonts/cm/cmtt10.pfb></usr/local/texlive/20
15/texmf-dist/fonts/type1/public/amsfonts/cm/cmtt9.pfb>
Output written on main.pdf (48 pages, 1463115 bytes).
PDF statistics:
 238 PDF objects out of 1000 (max. 8388607)
 163 compressed objects within 2 object streams
 0 named destinations out of 1000 (max. 500000)
 33 words of extra memory for PDF output out of 10000 (max. 10000000)

